app/build/intermediates/manifest_merge_blame_file/debug/manifest-merger-blame-debug-report.txt
1<?xml version="1.0" encoding="utf-8"?>
2<manifest xmlns:android="http://schemas.android.com/apk/res/android"
3    package="com.example.ssscloakroommanagment"
4    android:versionCode="1"
5    android:versionName="1.0" >
6
7    <uses-sdk
8        android:minSdkVersion="21"
8-->src\main\AndroidManifest.xml
9        android:targetSdkVersion="29" />
9-->src\main\AndroidManifest.xml
10
11    <uses-permission android:name="android.permission.CAMERA" />
11-->src\main\AndroidManifest.xml:25:5-65
11-->src\main\AndroidManifest.xml:25:22-62
12    <uses-permission android:name="android.permission.INTERNET" />
12-->src\main\AndroidManifest.xml:26:5-67
12-->src\main\AndroidManifest.xml:26:22-64
13    <uses-permission android:name="android.permission.ACCESS_NETWORK_STATE" />
13-->src\main\AndroidManifest.xml:28:5-79
13-->src\main\AndroidManifest.xml:28:22-76
14
15    <!-- Don't require camera, as this requires a rear camera. This allows it to work on the Nexus 7 -->
16    <uses-feature
16-->[com.journeyapps:zxing-android-embedded:3.4.0] AndroidManifest.xml:24:5-26:36
17        android:name="android.hardware.camera"
17-->[com.journeyapps:zxing-android-embedded:3.4.0] AndroidManifest.xml:25:9-47
18        android:required="false" />
18-->[com.journeyapps:zxing-android-embedded:3.4.0] AndroidManifest.xml:26:9-33
19    <uses-feature
19-->[com.journeyapps:zxing-android-embedded:3.4.0] AndroidManifest.xml:27:5-29:36
20        android:name="android.hardware.camera.front"
20-->[com.journeyapps:zxing-android-embedded:3.4.0] AndroidManifest.xml:28:9-53
21        android:required="false" /> <!-- TODO replace above two with next line after Android 4.2 -->
21-->[com.journeyapps:zxing-android-embedded:3.4.0] AndroidManifest.xml:29:9-33
22    <!-- <uses-feature android:name="android.hardware.camera.any"/> -->
23    <uses-feature
23-->[com.journeyapps:zxing-android-embedded:3.4.0] AndroidManifest.xml:32:5-34:36
24        android:name="android.hardware.camera.autofocus"
24-->[com.journeyapps:zxing-android-embedded:3.4.0] AndroidManifest.xml:33:9-57
25        android:required="false" />
25-->[com.journeyapps:zxing-android-embedded:3.4.0] AndroidManifest.xml:34:9-33
26    <uses-feature
26-->[com.journeyapps:zxing-android-embedded:3.4.0] AndroidManifest.xml:35:5-37:36
27        android:name="android.hardware.camera.flash"
27-->[com.journeyapps:zxing-android-embedded:3.4.0] AndroidManifest.xml:36:9-53
28        android:required="false" />
28-->[com.journeyapps:zxing-android-embedded:3.4.0] AndroidManifest.xml:37:9-33
29    <uses-feature
29-->[com.journeyapps:zxing-android-embedded:3.4.0] AndroidManifest.xml:38:5-40:36
30        android:name="android.hardware.screen.landscape"
30-->[com.journeyapps:zxing-android-embedded:3.4.0] AndroidManifest.xml:39:9-57
31        android:required="false" />
31-->[com.journeyapps:zxing-android-embedded:3.4.0] AndroidManifest.xml:40:9-33
32    <uses-feature
32-->[com.journeyapps:zxing-android-embedded:3.4.0] AndroidManifest.xml:41:5-43:36
33        android:name="android.hardware.wifi"
33-->[com.journeyapps:zxing-android-embedded:3.4.0] AndroidManifest.xml:42:9-45
34        android:required="false" />
34-->[com.journeyapps:zxing-android-embedded:3.4.0] AndroidManifest.xml:43:9-33
35
36    <application
36-->src\main\AndroidManifest.xml:5:5-24:19
37        android:allowBackup="true"
37-->src\main\AndroidManifest.xml:6:9-35
38        android:appComponentFactory="androidx.core.app.CoreComponentFactory"
38-->[androidx.core:core:1.1.0] AndroidManifest.xml:24:18-86
39        android:debuggable="true"
40        android:icon="@mipmap/ic_launcher"
40-->src\main\AndroidManifest.xml:7:9-43
41        android:label="@string/app_name"
41-->src\main\AndroidManifest.xml:8:9-41
42        android:roundIcon="@mipmap/ic_launcher_round"
42-->src\main\AndroidManifest.xml:9:9-54
43        android:supportsRtl="true"
43-->src\main\AndroidManifest.xml:10:9-35
44        android:testOnly="true"
45        android:theme="@style/AppTheme" >
45-->src\main\AndroidManifest.xml:11:9-40
46        <activity android:name="com.example.ssscloakroommanagment.RegistrationNumberActivity" />
46-->src\main\AndroidManifest.xml:12:9-73
46-->src\main\AndroidManifest.xml:12:19-61
47        <activity android:name="com.example.ssscloakroommanagment.ChooseRackActivity" />
47-->src\main\AndroidManifest.xml:13:9-56
47-->src\main\AndroidManifest.xml:13:19-53
48        <activity android:name="com.example.ssscloakroommanagment.FindBaggageActivity" />
48-->src\main\AndroidManifest.xml:14:9-57
48-->src\main\AndroidManifest.xml:14:19-54
49        <activity android:name="com.example.ssscloakroommanagment.GetPatientDetailsActivity" />
49-->src\main\AndroidManifest.xml:15:9-63
49-->src\main\AndroidManifest.xml:15:19-60
50        <activity android:name="com.example.ssscloakroommanagment.NewEntryActivity" />
50-->src\main\AndroidManifest.xml:16:9-54
50-->src\main\AndroidManifest.xml:16:19-51
51        <activity android:name="com.example.ssscloakroommanagment.MainActivity" >
51-->src\main\AndroidManifest.xml:17:9-23:20
51-->src\main\AndroidManifest.xml:17:19-47
52            <intent-filter>
52-->src\main\AndroidManifest.xml:18:13-22:29
53                <action android:name="android.intent.action.MAIN" />
53-->src\main\AndroidManifest.xml:19:17-69
53-->src\main\AndroidManifest.xml:19:25-66
54
55                <category android:name="android.intent.category.LAUNCHER" />
55-->src\main\AndroidManifest.xml:21:17-77
55-->src\main\AndroidManifest.xml:21:27-74
56            </intent-filter>
57        </activity>
58        <activity
58-->[com.journeyapps:zxing-android-embedded:3.4.0] AndroidManifest.xml:46:9-52:63
59            android:name="com.journeyapps.barcodescanner.CaptureActivity"
59-->[com.journeyapps:zxing-android-embedded:3.4.0] AndroidManifest.xml:47:13-74
60            android:clearTaskOnLaunch="true"
60-->[com.journeyapps:zxing-android-embedded:3.4.0] AndroidManifest.xml:48:13-45
61            android:screenOrientation="sensorLandscape"
61-->[com.journeyapps:zxing-android-embedded:3.4.0] AndroidManifest.xml:49:13-56
62            android:stateNotNeeded="true"
62-->[com.journeyapps:zxing-android-embedded:3.4.0] AndroidManifest.xml:50:13-42
63            android:theme="@style/zxing_CaptureTheme"
63-->[com.journeyapps:zxing-android-embedded:3.4.0] AndroidManifest.xml:51:13-54
64            android:windowSoftInputMode="stateAlwaysHidden" />
64-->[com.journeyapps:zxing-android-embedded:3.4.0] AndroidManifest.xml:52:13-60
65    </application>
66
67</manifest>